0 info it worked if it ends with ok
1 verbose cli [ 'C:\\Program Files\\nodejs\\\\node.exe',
1 verbose cli   'C:\\Program Files\\nodejs\\node_modules\\npm\\bin\\npm-cli.js',
1 verbose cli   'update',
1 verbose cli   '-g',
1 verbose cli   'json-server' ]
2 info using npm@2.11.2
3 info using node@v0.12.6
4 silly mapToRegistry name json-server
5 silly mapToRegistry using default registry
6 silly mapToRegistry registry https://registry.npmjs.org/
7 silly mapToRegistry uri https://registry.npmjs.org/json-server
8 verbose request uri https://registry.npmjs.org/json-server
9 verbose request no auth needed
10 info attempt registry request try #1 at 10:47:35
11 verbose request id 1e2a3916c042f686
12 verbose etag "E8387C365BZA7LKEKADM82QUZ"
13 http request GET https://registry.npmjs.org/json-server
14 http 200 https://registry.npmjs.org/json-server
15 silly get cb [ 200,
15 silly get   { server: 'CouchDB/1.5.0 (Erlang OTP/R16B03)',
15 silly get     etag: '"EM9Y68VDAQ3NWNZPNHUF7I4XD"',
15 silly get     'content-type': 'application/json',
15 silly get     'cache-control': 'max-age=60',
15 silly get     'content-length': '109203',
15 silly get     'accept-ranges': 'bytes',
15 silly get     date: 'Sun, 02 Aug 2015 08:47:35 GMT',
15 silly get     via: '1.1 varnish',
15 silly get     age: '0',
15 silly get     connection: 'keep-alive',
15 silly get     'x-served-by': 'cache-ams4122-AMS',
15 silly get     'x-cache': 'HIT',
15 silly get     'x-cache-hits': '1',
15 silly get     'x-timer': 'S1438505255.171954,VS0,VE681',
15 silly get     vary: 'Accept' } ]
16 verbose get saving json-server to C:\Users\Heni\AppData\Roaming\npm-cache\registry.npmjs.org\json-server\.cache.json
17 info outdated updating [ [ 'C:\\Users\\Heni\\AppData\\Roaming\\npm',
17 info outdated     'json-server',
17 info outdated     '0.7.20',
17 info outdated     '0.7.24',
17 info outdated     '0.7.24',
17 info outdated     'latest' ] ]
18 verbose install where, what [ 'C:\\Users\\Heni\\AppData\\Roaming\\npm',
18 verbose install   [ 'json-server@0.7.24' ] ]
19 verbose install initial load of C:\Users\Heni\AppData\Roaming\npm\package.json
20 verbose readDependencies loading dependencies from C:\Users\Heni\AppData\Roaming\npm\package.json
21 silly cache add args [ 'json-server@0.7.24', null ]
22 verbose cache add spec json-server@0.7.24
23 silly cache add parsed spec { raw: 'json-server@0.7.24',
23 silly cache add   scope: null,
23 silly cache add   name: 'json-server',
23 silly cache add   rawSpec: '0.7.24',
23 silly cache add   spec: '0.7.24',
23 silly cache add   type: 'version' }
24 silly addNamed json-server@0.7.24
25 verbose addNamed "0.7.24" is a plain semver version for json-server
26 silly mapToRegistry name json-server
27 silly mapToRegistry using default registry
28 silly mapToRegistry registry https://registry.npmjs.org/
29 silly mapToRegistry uri https://registry.npmjs.org/json-server
30 verbose addNameVersion registry:https://registry.npmjs.org/json-server not in flight; fetching
31 verbose get https://registry.npmjs.org/json-server not expired, no request
32 silly mapToRegistry name json-server
33 silly mapToRegistry using default registry
34 silly mapToRegistry registry https://registry.npmjs.org/
35 silly mapToRegistry uri https://registry.npmjs.org/json-server
36 verbose addRemoteTarball https://registry.npmjs.org/json-server/-/json-server-0.7.24.tgz not in flight; adding
37 verbose addRemoteTarball [ 'https://registry.npmjs.org/json-server/-/json-server-0.7.24.tgz',
37 verbose addRemoteTarball   '4870863175b632cb827519f8e5a636817e29f5fe' ]
38 info retry fetch attempt 1 at 10:47:36
39 info attempt registry request try #1 at 10:47:36
40 http fetch GET https://registry.npmjs.org/json-server/-/json-server-0.7.24.tgz
41 http fetch 200 https://registry.npmjs.org/json-server/-/json-server-0.7.24.tgz
42 silly fetchAndShaCheck shasum 4870863175b632cb827519f8e5a636817e29f5fe
43 verbose addTmpTarball C:\Users\Heni\AppData\Local\Temp\npm-12276-c1c1c036\registry.npmjs.org\json-server\-\json-server-0.7.24.tgz not in flight; adding
44 verbose addTmpTarball already have metadata; skipping unpack for json-server@0.7.24
45 silly cache afterAdd json-server@0.7.24
46 verbose afterAdd C:\Users\Heni\AppData\Roaming\npm-cache\json-server\0.7.24\package\package.json not in flight; writing
47 verbose afterAdd C:\Users\Heni\AppData\Roaming\npm-cache\json-server\0.7.24\package\package.json written
48 silly install resolved [ { name: 'json-server',
48 silly install resolved     version: '0.7.24',
48 silly install resolved     description: 'Serves JSON files through REST routes.',
48 silly install resolved     main: './src/server/index.js',
48 silly install resolved     bin: { 'json-server': './bin/index.js' },
48 silly install resolved     directories: { test: 'test' },
48 silly install resolved     dependencies:
48 silly install resolved      { 'body-parser': '^1.8.1',
48 silly install resolved        chalk: '^0.4.0',
48 silly install resolved        'connect-pause': '^0.1.0',
48 silly install resolved        cors: '^2.3.0',
48 silly install resolved        errorhandler: '^1.2.0',
48 silly install resolved        express: '^4.9.5',
48 silly install resolved        got: '^3.3.0',
48 silly install resolved        lodash: '^3.9.2',
48 silly install resolved        lowdb: '^0.10.0',
48 silly install resolved        'method-override': '^2.1.2',
48 silly install resolved        morgan: '^1.3.1',
48 silly install resolved        'node-uuid': '^1.4.2',
48 silly install resolved        pluralize: '^1.1.2',
48 silly install resolved        'underscore-db': '^0.9.0',
48 silly install resolved        'update-notifier': '^0.5.0',
48 silly install resolved        yargs: '^3.10.0' },
48 silly install resolved     devDependencies:
48 silly install resolved      { husky: '^0.6.1',
48 silly install resolved        mocha: '^2.2.4',
48 silly install resolved        rimraf: '^2.4.1',
48 silly install resolved        standard: '^3.8.0',
48 silly install resolved        supertest: '~0.8.1' },
48 silly install resolved     scripts:
48 silly install resolved      { test: 'NODE_ENV=test mocha -R spec test/**/*.js && standard',
48 silly install resolved        start: 'node bin',
48 silly install resolved        prepush: 'npm t' },
48 silly install resolved     repository:
48 silly install resolved      { type: 'git',
48 silly install resolved        url: 'git://github.com/typicode/json-server.git' },
48 silly install resolved     keywords:
48 silly install resolved      [ 'JSON',
48 silly install resolved        'server',
48 silly install resolved        'fake',
48 silly install resolved        'REST',
48 silly install resolved        'API',
48 silly install resolved        'prototyping',
48 silly install resolved        'mock',
48 silly install resolved        'mocking',
48 silly install resolved        'test',
48 silly install resolved        'testing',
48 silly install resolved        'rest',
48 silly install resolved        'data',
48 silly install resolved        'dummy',
48 silly install resolved        'sandbox' ],
48 silly install resolved     author: { name: 'Typicode', email: 'typicode@gmail.com' },
48 silly install resolved     license: 'MIT',
48 silly install resolved     bugs: { url: 'https://github.com/typicode/json-server/issues' },
48 silly install resolved     homepage: 'https://github.com/typicode/json-server',
48 silly install resolved     gitHead: '7aee03ecf5205008eac2aa71ba9e1799309887a9',
48 silly install resolved     _id: 'json-server@0.7.24',
48 silly install resolved     _shasum: '4870863175b632cb827519f8e5a636817e29f5fe',
48 silly install resolved     _from: 'json-server@0.7.24',
48 silly install resolved     _npmVersion: '2.11.2',
48 silly install resolved     _nodeVersion: '0.12.5',
48 silly install resolved     _npmUser: { name: 'typicode', email: 'typicode@gmail.com' },
48 silly install resolved     dist:
48 silly install resolved      { shasum: '4870863175b632cb827519f8e5a636817e29f5fe',
48 silly install resolved        tarball: 'http://registry.npmjs.org/json-server/-/json-server-0.7.24.tgz' },
48 silly install resolved     maintainers: [ [Object] ],
48 silly install resolved     _resolved: 'https://registry.npmjs.org/json-server/-/json-server-0.7.24.tgz' } ]
49 info install json-server@0.7.24 into C:\Users\Heni\AppData\Roaming\npm
50 info installOne json-server@0.7.24
51 verbose installOne of json-server to C:\Users\Heni\AppData\Roaming\npm not in flight; installing
52 verbose lock using C:\Users\Heni\AppData\Roaming\npm-cache\_locks\json-server-8a61f7722b0f9a08.lock for C:\Users\Heni\AppData\Roaming\npm\node_modules\json-server
53 verbose unlock done using C:\Users\Heni\AppData\Roaming\npm-cache\_locks\json-server-8a61f7722b0f9a08.lock for C:\Users\Heni\AppData\Roaming\npm\node_modules\json-server
54 verbose stack Error: Appears to be a git repo or submodule.
54 verbose stack     at C:\Program Files\nodejs\node_modules\npm\node_modules\npm-install-checks\index.js:139:15
54 verbose stack     at FSReqWrap.oncomplete (fs.js:95:15)
55 verbose cwd C:\Users\Heni\AppData\Roaming\npm\node_modules\blsGrid
56 error Windows_NT 6.3.9600
57 error argv "C:\\Program Files\\nodejs\\\\node.exe" "C:\\Program Files\\nodejs\\node_modules\\npm\\bin\\npm-cli.js" "update" "-g" "json-server"
58 error node v0.12.6
59 error npm  v2.11.2
60 error path C:\Users\Heni\AppData\Roaming\npm\node_modules\json-server
61 error code EISGIT
62 error git Appears to be a git repo or submodule.
62 error git     C:\Users\Heni\AppData\Roaming\npm\node_modules\json-server
62 error git Refusing to remove it. Update manually,
62 error git or move it out of the way first.
63 verbose exit [ 1, true ]
